<?xml version="1.0" encoding="UTF-8"?>
<testng-results total="1" passed="1" failed="0" skipped="0">
  <reporter-output>
  </reporter-output>
  <suite started-at="2024-01-15T09:46:14Z" name="Surefire suite" finished-at="2024-01-15T09:46:14Z" duration-ms="48">
    <groups>
    </groups>
    <test started-at="2024-01-15T09:46:14Z" name="Surefire test" finished-at="2024-01-15T09:46:14Z" duration-ms="48">
      <class name="com.dpDoctor.testCases.NewTest">
        <test-method signature="f()[pri:0, instance:com.dpDoctor.testCases.NewTest@236e3f4e]" started-at="2024-01-15T15:16:14Z" name="f" finished-at="2024-01-15T15:16:14Z" duration-ms="21" status="PASS">
          <reporter-output>
          </reporter-output>
        </test-method> <!-- f -->
      </class> <!-- com.dpDoctor.testCases.NewTest -->
    </test> <!-- Surefire test -->
  </suite> <!-- Surefire suite -->
</testng-results>
