<?xml version="1.0" encoding="UTF-8"?>
<testng-results total="1" passed="1" failed="0" skipped="0">
  <reporter-output>
  </reporter-output>
  <suite started-at="2024-03-01T10:18:43Z" name="Surefire suite" finished-at="2024-03-01T10:18:43Z" duration-ms="30">
    <groups>
    </groups>
    <test started-at="2024-03-01T10:18:43Z" name="Surefire test" finished-at="2024-03-01T10:18:43Z" duration-ms="30">
      <class name="com.dpDoctor.testCases.NewTest">
        <test-method signature="f()[pri:0, instance:com.dpDoctor.testCases.NewTest@157853da]" started-at="2024-03-01T15:48:43Z" name="f" finished-at="2024-03-01T15:48:43Z" duration-ms="13" status="PASS">
          <reporter-output>
          </reporter-output>
        </test-method> <!-- f -->
      </class> <!-- com.dpDoctor.testCases.NewTest -->
    </test> <!-- Surefire test -->
  </suite> <!-- Surefire suite -->
</testng-results>
