# JRE version: OpenJDK Runtime Environment (11.0+28) (build 11+28)
# Java VM: OpenJDK 64-Bit Server VM (11+28, mixed mode, tiered, compressed oops, g1 gc, linux-amd64)
Heap:
 garbage-first heap   total 786432K, used 238024K [0x0000000085400000, 0x0000000100000000)
  region size 1024K, 11 young (11264K), 11 survivors (11264K)
 Metaspace       used 32425K, capacity 33045K, committed 33200K, reserved 1079296K
  class space    used 3322K, capacity 3556K, committed 3584K, reserved 1048576K
GC Heap History (10 events):
Event: 49.253 GC heap after
{Heap after GC invocations=46 (full 0):
 garbage-first heap   total 239616K, used 188036K [0x0000000085400000, 0x0000000100000000)
  region size 1024K, 2 young (2048K), 2 survivors (2048K)
 Metaspace       used 32239K, capacity 32838K, committed 32944K, reserved 1079296K
  class space    used 3318K, capacity 3555K, committed 3584K, reserved 1048576K
}
Event: 49.516 GC heap before
{Heap before GC invocations=46 (full 0):
 garbage-first heap   total 239616K, used 201348K [0x0000000085400000, 0x0000000100000000)
  region size 1024K, 15 young (15360K), 2 survivors (2048K)
 Metaspace       used 32288K, capacity 32906K, committed 33200K, reserved 1079296K
  class space    used 3319K, capacity 3555K, committed 3584K, reserved 1048576K
}
Event: 49.542 GC heap after
{Heap after GC invocations=47 (full 0):
 garbage-first heap   total 479232K, used 190668K [0x0000000085400000, 0x0000000100000000)
  region size 1024K, 2 young (2048K), 2 survivors (2048K)
 Metaspace       used 32288K, capacity 32906K, committed 33200K, reserved 1079296K
  class space    used 3319K, capacity 3555K, committed 3584K, reserved 1048576K
}
Event: 50.947 GC heap before
{Heap before GC invocations=48 (full 0):
 garbage-first heap   total 479232K, used 270540K [0x0000000085400000, 0x0000000100000000)
  region size 1024K, 80 young (81920K), 2 survivors (2048K)
 Metaspace       used 32385K, capacity 32978K, committed 33200K, reserved 1079296K
  class space    used 3319K, capacity 3556K, committed 3584K, reserved 1048576K
}
Event: 50.987 GC heap after
{Heap after GC invocations=49 (full 0):
 garbage-first heap   total 479232K, used 203456K [0x0000000085400000, 0x0000000100000000)
  region size 1024K, 10 young (10240K), 10 survivors (10240K)
 Metaspace       used 32385K, capacity 32978K, committed 33200K, reserved 1079296K
  class space    used 3319K, capacity 3556K, committed 3584K, reserved 1048576K
}
Event: 51.708 GC heap before
{Heap before GC invocations=49 (full 0):
 garbage-first heap   total 479232K, used 280256K [0x0000000085400000, 0x0000000100000000)
  region size 1024K, 85 young (87040K), 10 survivors (10240K)
 Metaspace       used 32396K, capacity 32978K, committed 33200K, reserved 1079296K
  class space    used 3319K, capacity 3556K, committed 3584K, reserved 1048576K
}
Event: 51.765 GC heap after
{Heap after GC invocations=50 (full 0):
 garbage-first heap   total 479232K, used 214981K [0x0000000085400000, 0x0000000100000000)
  region size 1024K, 11 young (11264K), 11 survivors (11264K)
 Metaspace       used 32396K, capacity 32978K, committed 33200K, reserved 1079296K
  class space    used 3319K, capacity 3556K, committed 3584K, reserved 1048576K
}
Event: 52.517 GC heap before
{Heap before GC invocations=50 (full 0):
 garbage-first heap   total 479232K, used 304069K [0x0000000085400000, 0x0000000100000000)
  region size 1024K, 95 young (97280K), 11 survivors (11264K)
 Metaspace       used 32411K, capacity 33043K, committed 33200K, reserved 1079296K
  class space    used 3319K, capacity 3556K, committed 3584K, reserved 1048576K
}
Event: 52.578 GC heap after
{Heap after GC invocations=51 (full 0):
 garbage-first heap   total 479232K, used 226714K [0x0000000085400000, 0x0000000100000000)
  region size 1024K, 10 young (10240K), 10 survivors (10240K)
 Metaspace       used 32411K, capacity 33043K, committed 33200K, reserved 1079296K
  class space    used 3319K, capacity 3556K, committed 3584K, reserved 1048576K
}
Event: 53.353 GC heap before
{Heap before GC invocations=51 (full 0):
 garbage-first heap   total 479232K, used 315802K [0x0000000085400000, 0x0000000100000000)
  region size 1024K, 97 young (99328K), 10 survivors (10240K)
 Metaspace       used 32425K, capacity 33045K, committed 33200K, reserved 1079296K
  class space    used 3322K, capacity 3556K, committed 3584K, reserved 1048576K
}

