# JRE version: OpenJDK Runtime Environment (11.0.1+13) (build 11.0.1+13)
# Java VM: OpenJDK 64-Bit Server VM (11.0.1+13, mixed mode, tiered, compressed oops, g1 gc, linux-amd64)
Heap:
 garbage-first heap   total 796672K, used 276861K [0x0000000084800000, 0x0000000100000000)
  region size 1024K, 14 young (14336K), 14 survivors (14336K)
 Metaspace       used 32752K, capacity 33431K, committed 33664K, reserved 1079296K
  class space    used 3356K, capacity 3611K, committed 3712K, reserved 1048576K
GC Heap History (10 events):
Event: 98.391 GC heap after
{Heap after GC invocations=71 (full 0):
 garbage-first heap   total 386048K, used 265509K [0x0000000084800000, 0x0000000100000000)
  region size 1024K, 7 young (7168K), 7 survivors (7168K)
 Metaspace       used 32740K, capacity 33429K, committed 33664K, reserved 1079296K
  class space    used 3356K, capacity 3611K, committed 3712K, reserved 1048576K
}
Event: 98.620 GC heap before
{Heap before GC invocations=71 (full 0):
 garbage-first heap   total 386048K, used 317733K [0x0000000084800000, 0x0000000100000000)
  region size 1024K, 58 young (59392K), 7 survivors (7168K)
 Metaspace       used 32741K, capacity 33429K, committed 33664K, reserved 1079296K
  class space    used 3356K, capacity 3611K, committed 3712K, reserved 1048576K
}
Event: 98.666 GC heap after
{Heap after GC invocations=72 (full 0):
 garbage-first heap   total 489472K, used 270959K [0x0000000084800000, 0x0000000100000000)
  region size 1024K, 6 young (6144K), 6 survivors (6144K)
 Metaspace       used 32741K, capacity 33429K, committed 33664K, reserved 1079296K
  class space    used 3356K, capacity 3611K, committed 3712K, reserved 1048576K
}
Event: 99.354 GC heap before
{Heap before GC invocations=73 (full 0):
 garbage-first heap   total 489472K, used 359023K [0x0000000084800000, 0x0000000100000000)
  region size 1024K, 92 young (94208K), 6 survivors (6144K)
 Metaspace       used 32747K, capacity 33431K, committed 33664K, reserved 1079296K
  class space    used 3356K, capacity 3611K, committed 3712K, reserved 1048576K
}
Event: 99.437 GC heap after
{Heap after GC invocations=74 (full 0):
 garbage-first heap   total 489472K, used 277316K [0x0000000084800000, 0x0000000100000000)
  region size 1024K, 12 young (12288K), 12 survivors (12288K)
 Metaspace       used 32747K, capacity 33431K, committed 33664K, reserved 1079296K
  class space    used 3356K, capacity 3611K, committed 3712K, reserved 1048576K
}
Event: 99.576 GC heap before
{Heap before GC invocations=74 (full 0):
 garbage-first heap   total 489472K, used 288580K [0x0000000084800000, 0x0000000100000000)
  region size 1024K, 23 young (23552K), 12 survivors (12288K)
 Metaspace       used 32747K, capacity 33431K, committed 33664K, reserved 1079296K
  class space    used 3356K, capacity 3611K, committed 3712K, reserved 1048576K
}
Event: 99.649 GC heap after
{Heap after GC invocations=75 (full 0):
 garbage-first heap   total 489472K, used 255642K [0x0000000084800000, 0x0000000100000000)
  region size 1024K, 2 young (2048K), 2 survivors (2048K)
 Metaspace       used 32747K, capacity 33431K, committed 33664K, reserved 1079296K
  class space    used 3356K, capacity 3611K, committed 3712K, reserved 1048576K
}
Event: 100.123 GC heap before
{Heap before GC invocations=75 (full 0):
 garbage-first heap   total 489472K, used 357018K [0x0000000084800000, 0x0000000100000000)
  region size 1024K, 101 young (103424K), 2 survivors (2048K)
 Metaspace       used 32752K, capacity 33431K, committed 33664K, reserved 1079296K
  class space    used 3356K, capacity 3611K, committed 3712K, reserved 1048576K
}
Event: 100.149 GC heap after
{Heap after GC invocations=76 (full 0):
 garbage-first heap   total 489472K, used 262735K [0x0000000084800000, 0x0000000100000000)
  region size 1024K, 9 young (9216K), 9 survivors (9216K)
 Metaspace       used 32752K, capacity 33431K, committed 33664K, reserved 1079296K
  class space    used 3356K, capacity 3611K, committed 3712K, reserved 1048576K
}
Event: 100.558 GC heap before
{Heap before GC invocations=76 (full 0):
 garbage-first heap   total 489472K, used 367183K [0x0000000084800000, 0x0000000100000000)
  region size 1024K, 111 young (113664K), 9 survivors (9216K)
 Metaspace       used 32752K, capacity 33431K, committed 33664K, reserved 1079296K
  class space    used 3356K, capacity 3611K, committed 3712K, reserved 1048576K
}

