# JRE version: OpenJDK Runtime Environment (11.0.1+13) (build 11.0.1+13)
# Java VM: OpenJDK 64-Bit Server VM (11.0.1+13, mixed mode, tiered, compressed oops, g1 gc, linux-amd64)
Heap:
 garbage-first heap   total 939008K, used 304050K [0x0000000084800000, 0x0000000100000000)
  region size 1024K, 2 young (2048K), 2 survivors (2048K)
 Metaspace       used 39445K, capacity 40293K, committed 40700K, reserved 1085440K
  class space    used 3952K, capacity 4245K, committed 4348K, reserved 1048576K
GC Heap History (10 events):
Event: 260.577 GC heap after
{Heap after GC invocations=77 (full 0):
 garbage-first heap   total 667648K, used 318976K [0x0000000084800000, 0x0000000100000000)
  region size 1024K, 9 young (9216K), 9 survivors (9216K)
 Metaspace       used 36786K, capacity 37514K, committed 37884K, reserved 1083392K
  class space    used 3781K, capacity 4032K, committed 4092K, reserved 1048576K
}
Event: 260.792 GC heap before
{Heap before GC invocations=77 (full 0):
 garbage-first heap   total 667648K, used 342528K [0x0000000084800000, 0x0000000100000000)
  region size 1024K, 32 young (32768K), 9 survivors (9216K)
 Metaspace       used 36809K, capacity 37517K, committed 37884K, reserved 1083392K
  class space    used 3781K, capacity 4032K, committed 4092K, reserved 1048576K
}
Event: 260.885 GC heap after
{Heap after GC invocations=78 (full 0):
 garbage-first heap   total 667648K, used 306589K [0x0000000084800000, 0x0000000100000000)
  region size 1024K, 2 young (2048K), 2 survivors (2048K)
 Metaspace       used 36809K, capacity 37517K, committed 37884K, reserved 1083392K
  class space    used 3781K, capacity 4032K, committed 4092K, reserved 1048576K
}
Event: 260.988 GC heap before
{Heap before GC invocations=78 (full 0):
 garbage-first heap   total 667648K, used 337309K [0x0000000084800000, 0x0000000100000000)
  region size 1024K, 32 young (32768K), 2 survivors (2048K)
 Metaspace       used 36809K, capacity 37517K, committed 37884K, reserved 1083392K
  class space    used 3781K, capacity 4032K, committed 4092K, reserved 1048576K
}
Event: 261.010 GC heap after
{Heap after GC invocations=79 (full 0):
 garbage-first heap   total 667648K, used 290196K [0x0000000084800000, 0x0000000100000000)
  region size 1024K, 1 young (1024K), 1 survivors (1024K)
 Metaspace       used 36809K, capacity 37517K, committed 37884K, reserved 1083392K
  class space    used 3781K, capacity 4032K, committed 4092K, reserved 1048576K
}
Event: 274.518 GC heap before
{Heap before GC invocations=79 (full 0):
 garbage-first heap   total 667648K, used 475540K [0x0000000084800000, 0x0000000100000000)
  region size 1024K, 182 young (186368K), 1 survivors (1024K)
 Metaspace       used 39011K, capacity 39772K, committed 40060K, reserved 1085440K
  class space    used 3917K, capacity 4201K, committed 4220K, reserved 1048576K
}
Event: 274.824 GC heap after
{Heap after GC invocations=80 (full 0):
 garbage-first heap   total 667648K, used 295702K [0x0000000084800000, 0x0000000100000000)
  region size 1024K, 7 young (7168K), 7 survivors (7168K)
 Metaspace       used 39011K, capacity 39772K, committed 40060K, reserved 1085440K
  class space    used 3917K, capacity 4201K, committed 4220K, reserved 1048576K
}
Event: 542.845 GC heap before
{Heap before GC invocations=80 (full 0):
 garbage-first heap   total 667648K, used 503574K [0x0000000084800000, 0x0000000100000000)
  region size 1024K, 210 young (215040K), 7 survivors (7168K)
 Metaspace       used 39418K, capacity 40229K, committed 40444K, reserved 1085440K
  class space    used 3952K, capacity 4245K, committed 4348K, reserved 1048576K
}
Event: 546.037 GC heap after
{Heap after GC invocations=81 (full 0):
 garbage-first heap   total 667648K, used 300436K [0x0000000084800000, 0x0000000100000000)
  region size 1024K, 11 young (11264K), 11 survivors (11264K)
 Metaspace       used 39418K, capacity 40229K, committed 40444K, reserved 1085440K
  class space    used 3952K, capacity 4245K, committed 4348K, reserved 1048576K
}
Event: 607.894 GC heap before
{Heap before GC invocations=81 (full 0):
 garbage-first heap   total 667648K, used 327060K [0x0000000084800000, 0x0000000100000000)
  region size 1024K, 32 young (32768K), 11 survivors (11264K)
 Metaspace       used 39445K, capacity 40293K, committed 40700K, reserved 1085440K
  class space    used 3952K, capacity 4245K, committed 4348K, reserved 1048576K
}

