# JRE version: OpenJDK Runtime Environment (11.0.1+13) (build 11.0.1+13)
# Java VM: OpenJDK 64-Bit Server VM (11.0.1+13, mixed mode, tiered, compressed oops, g1 gc, linux-amd64)
Heap:
 garbage-first heap   total 1020928K, used 232541K [0x0000000084800000, 0x0000000100000000)
  region size 1024K, 2 young (2048K), 2 survivors (2048K)
 Metaspace       used 32057K, capacity 32733K, committed 33024K, reserved 1079296K
  class space    used 3309K, capacity 3558K, committed 3584K, reserved 1048576K
GC Heap History (10 events):
Event: 137.809 GC heap after
{Heap after GC invocations=84 (full 0):
 garbage-first heap   total 352256K, used 224237K [0x0000000084800000, 0x0000000100000000)
  region size 1024K, 4 young (4096K), 4 survivors (4096K)
 Metaspace       used 32043K, capacity 32733K, committed 33024K, reserved 1079296K
  class space    used 3306K, capacity 3558K, committed 3584K, reserved 1048576K
}
Event: 145.447 GC heap before
{Heap before GC invocations=84 (full 0):
 garbage-first heap   total 352256K, used 237549K [0x0000000084800000, 0x0000000100000000)
  region size 1024K, 17 young (17408K), 4 survivors (4096K)
 Metaspace       used 32044K, capacity 32733K, committed 33024K, reserved 1079296K
  class space    used 3306K, capacity 3558K, committed 3584K, reserved 1048576K
}
Event: 148.560 GC heap after
{Heap after GC invocations=85 (full 0):
 garbage-first heap   total 352256K, used 225768K [0x0000000084800000, 0x0000000100000000)
  region size 1024K, 2 young (2048K), 2 survivors (2048K)
 Metaspace       used 32044K, capacity 32733K, committed 33024K, reserved 1079296K
  class space    used 3306K, capacity 3558K, committed 3584K, reserved 1048576K
}
Event: 150.399 GC heap before
{Heap before GC invocations=85 (full 0):
 garbage-first heap   total 352256K, used 241128K [0x0000000084800000, 0x0000000100000000)
  region size 1024K, 17 young (17408K), 2 survivors (2048K)
 Metaspace       used 32045K, capacity 32733K, committed 33024K, reserved 1079296K
  class space    used 3306K, capacity 3558K, committed 3584K, reserved 1048576K
}
Event: 150.407 GC heap after
{Heap after GC invocations=86 (full 0):
 garbage-first heap   total 352256K, used 226724K [0x0000000084800000, 0x0000000100000000)
  region size 1024K, 3 young (3072K), 3 survivors (3072K)
 Metaspace       used 32045K, capacity 32733K, committed 33024K, reserved 1079296K
  class space    used 3306K, capacity 3558K, committed 3584K, reserved 1048576K
}
Event: 163.124 GC heap before
{Heap before GC invocations=86 (full 0):
 garbage-first heap   total 352256K, used 241060K [0x0000000084800000, 0x0000000100000000)
  region size 1024K, 17 young (17408K), 3 survivors (3072K)
 Metaspace       used 32049K, capacity 32733K, committed 33024K, reserved 1079296K
  class space    used 3306K, capacity 3558K, committed 3584K, reserved 1048576K
}
Event: 173.345 GC heap after
{Heap after GC invocations=87 (full 0):
 garbage-first heap   total 352256K, used 228691K [0x0000000084800000, 0x0000000100000000)
  region size 1024K, 3 young (3072K), 3 survivors (3072K)
 Metaspace       used 32049K, capacity 32733K, committed 33024K, reserved 1079296K
  class space    used 3306K, capacity 3558K, committed 3584K, reserved 1048576K
}
Event: 189.433 GC heap before
{Heap before GC invocations=87 (full 0):
 garbage-first heap   total 352256K, used 243027K [0x0000000084800000, 0x0000000100000000)
  region size 1024K, 17 young (17408K), 3 survivors (3072K)
 Metaspace       used 32049K, capacity 32733K, committed 33024K, reserved 1079296K
  class space    used 3306K, capacity 3558K, committed 3584K, reserved 1048576K
}
Event: 190.607 GC heap after
{Heap after GC invocations=88 (full 0):
 garbage-first heap   total 352256K, used 230921K [0x0000000084800000, 0x0000000100000000)
  region size 1024K, 3 young (3072K), 3 survivors (3072K)
 Metaspace       used 32049K, capacity 32733K, committed 33024K, reserved 1079296K
  class space    used 3306K, capacity 3558K, committed 3584K, reserved 1048576K
}
Event: 195.901 GC heap before
{Heap before GC invocations=88 (full 0):
 garbage-first heap   total 352256K, used 245257K [0x0000000084800000, 0x0000000100000000)
  region size 1024K, 17 young (17408K), 3 survivors (3072K)
 Metaspace       used 32057K, capacity 32733K, committed 33024K, reserved 1079296K
  class space    used 3309K, capacity 3558K, committed 3584K, reserved 1048576K
}

