# JRE version: OpenJDK Runtime Environment (11.0+28) (build 11+28)
# Java VM: OpenJDK 64-Bit Server VM (11+28, mixed mode, tiered, compressed oops, g1 gc, linux-amd64)
Heap:
 garbage-first heap   total 642048K, used 314794K [0x0000000085400000, 0x0000000100000000)
  region size 1024K, 11 young (11264K), 11 survivors (11264K)
 Metaspace       used 33094K, capacity 33797K, committed 34096K, reserved 1079296K
  class space    used 3367K, capacity 3609K, committed 3712K, reserved 1048576K
GC Heap History (10 events):
Event: 74.096 GC heap after
{Heap after GC invocations=57 (full 0):
 garbage-first heap   total 439296K, used 280989K [0x0000000085400000, 0x0000000100000000)
  region size 1024K, 9 young (9216K), 9 survivors (9216K)
 Metaspace       used 33081K, capacity 33796K, committed 34096K, reserved 1079296K
  class space    used 3367K, capacity 3609K, committed 3712K, reserved 1048576K
}
Event: 74.160 GC heap before
{Heap before GC invocations=57 (full 0):
 garbage-first heap   total 439296K, used 293277K [0x0000000085400000, 0x0000000100000000)
  region size 1024K, 21 young (21504K), 9 survivors (9216K)
 Metaspace       used 33081K, capacity 33796K, committed 34096K, reserved 1079296K
  class space    used 3367K, capacity 3609K, committed 3712K, reserved 1048576K
}
Event: 74.215 GC heap after
{Heap after GC invocations=58 (full 0):
 garbage-first heap   total 515072K, used 274706K [0x0000000085400000, 0x0000000100000000)
  region size 1024K, 2 young (2048K), 2 survivors (2048K)
 Metaspace       used 33081K, capacity 33796K, committed 34096K, reserved 1079296K
  class space    used 3367K, capacity 3609K, committed 3712K, reserved 1048576K
}
Event: 74.981 GC heap before
{Heap before GC invocations=58 (full 0):
 garbage-first heap   total 515072K, used 383250K [0x0000000085400000, 0x0000000100000000)
  region size 1024K, 108 young (110592K), 2 survivors (2048K)
 Metaspace       used 33083K, capacity 33797K, committed 34096K, reserved 1079296K
  class space    used 3367K, capacity 3609K, committed 3712K, reserved 1048576K
}
Event: 75.053 GC heap after
{Heap after GC invocations=59 (full 0):
 garbage-first heap   total 515072K, used 282959K [0x0000000085400000, 0x0000000100000000)
  region size 1024K, 10 young (10240K), 10 survivors (10240K)
 Metaspace       used 33083K, capacity 33797K, committed 34096K, reserved 1079296K
  class space    used 3367K, capacity 3609K, committed 3712K, reserved 1048576K
}
Event: 75.889 GC heap before
{Heap before GC invocations=59 (full 0):
 garbage-first heap   total 515072K, used 398671K [0x0000000085400000, 0x0000000100000000)
  region size 1024K, 125 young (128000K), 10 survivors (10240K)
 Metaspace       used 33093K, capacity 33797K, committed 34096K, reserved 1079296K
  class space    used 3367K, capacity 3609K, committed 3712K, reserved 1048576K
}
Event: 75.937 GC heap after
{Heap after GC invocations=60 (full 0):
 garbage-first heap   total 515072K, used 287527K [0x0000000085400000, 0x0000000100000000)
  region size 1024K, 10 young (10240K), 10 survivors (10240K)
 Metaspace       used 33093K, capacity 33797K, committed 34096K, reserved 1079296K
  class space    used 3367K, capacity 3609K, committed 3712K, reserved 1048576K
}
Event: 76.269 GC heap before
{Heap before GC invocations=60 (full 0):
 garbage-first heap   total 515072K, used 408359K [0x0000000085400000, 0x0000000100000000)
  region size 1024K, 128 young (131072K), 10 survivors (10240K)
 Metaspace       used 33093K, capacity 33797K, committed 34096K, reserved 1079296K
  class space    used 3367K, capacity 3609K, committed 3712K, reserved 1048576K
}
Event: 76.337 GC heap after
{Heap after GC invocations=61 (full 0):
 garbage-first heap   total 515072K, used 303817K [0x0000000085400000, 0x0000000100000000)
  region size 1024K, 16 young (16384K), 16 survivors (16384K)
 Metaspace       used 33093K, capacity 33797K, committed 34096K, reserved 1079296K
  class space    used 3367K, capacity 3609K, committed 3712K, reserved 1048576K
}
Event: 76.622 GC heap before
{Heap before GC invocations=62 (full 0):
 garbage-first heap   total 515072K, used 416457K [0x0000000085400000, 0x0000000100000000)
  region size 1024K, 126 young (129024K), 16 survivors (16384K)
 Metaspace       used 33094K, capacity 33797K, committed 34096K, reserved 1079296K
  class space    used 3367K, capacity 3609K, committed 3712K, reserved 1048576K
}

